<?xml version="1.0" encoding="UTF-8"?>
<testng-results ignored="0" total="1" passed="1" failed="0" skipped="0">
  <reporter-output>
  </reporter-output>
  <suite started-at="2022-06-10T19:18:52 IST" name="Parallel Test Suite" finished-at="2022-06-10T19:19:13 IST" duration-ms="20835">
    <groups>
    </groups>
    <test started-at="2022-06-10T19:18:52 IST" name="TC_Lambdatest_01 Chrome" finished-at="2022-06-10T19:19:13 IST" duration-ms="20835">
      <class name="com.lambdatest.TestCases.TC_Lambdatest_01">
        <test-method is-config="true" signature="setUp(java.lang.String,java.lang.String,java.lang.String)[pri:0, instance:com.lambdatest.TestCases.TC_Lambdatest_01@61386958]" started-at="2022-06-10T19:18:52 IST" name="setUp" finished-at="2022-06-10T19:19:02 IST" duration-ms="10456" status="PASS">
          <params>
            <param index="0">
              <value>
                <![CDATA[MicrosoftEdge]]>
              </value>
            </param>
            <param index="1">
              <value>
                <![CDATA[100.0]]>
              </value>
            </param>
            <param index="2">
              <value>
                <![CDATA[Windows 11]]>
              </value>
            </param>
          </params>
          <reporter-output>
          </reporter-output>
        </test-method> <!-- setUp -->
        <test-method signature="Lambdatest1()[pri:1, instance:com.lambdatest.TestCases.TC_Lambdatest_01@61386958]" started-at="2022-06-10T19:19:02 IST" name="Lambdatest1" description="Test Scenario 1" finished-at="2022-06-10T19:19:12 IST" duration-ms="9697" status="PASS">
          <reporter-output>
          </reporter-output>
        </test-method> <!-- Lambdatest1 -->
        <test-method is-config="true" signature="tearDown()[pri:0, instance:com.lambdatest.TestCases.TC_Lambdatest_01@61386958]" started-at="2022-06-10T19:19:12 IST" name="tearDown" finished-at="2022-06-10T19:19:13 IST" duration-ms="653" status="PASS">
          <reporter-output>
          </reporter-output>
        </test-method> <!-- tearDown -->
      </class> <!-- com.lambdatest.TestCases.TC_Lambdatest_01 -->
    </test> <!-- TC_Lambdatest_01 Chrome -->
  </suite> <!-- Parallel Test Suite -->
</testng-results>
